nohup: ignorando entrada

  .   ____          _            __ _ _
 /\\ / ___'_ __ _ _(_)_ __  __ _ \ \ \ \
( ( )\___ | '_ | '_| | '_ \/ _` | \ \ \ \
 \\/  ___)| |_)| | | | | || (_| |  ) ) ) )
  '  |____| .__|_| |_|_| |_\__, | / / / /
 =========|_|==============|___/=/_/_/_/

 :: Spring Boot ::                (v3.5.5)

2026-01-28T18:21:01.587-03:00  INFO 105406 --- [           main] org.Yan.Application                      : Starting Application v1.0-SNAPSHOT using Java 17.0.17 with PID 105406 (/home/user/Downloads/rfid/drive3rfid/target/SensorSerialYan-1.0-SNAPSHOT.jar started by user in /home/user/Downloads/rfid/drive3rfid)
2026-01-28T18:21:01.591-03:00  INFO 105406 --- [           main] org.Yan.Application                      : The following 1 profile is active: "prod"
2026-01-28T18:21:03.113-03:00  INFO 105406 --- [           main] o.s.b.w.embedded.tomcat.TomcatWebServer  : Tomcat initialized with port 8080 (http)
2026-01-28T18:21:03.135-03:00  INFO 105406 --- [           main] o.apache.catalina.core.StandardService   : Starting service [Tomcat]
2026-01-28T18:21:03.136-03:00  INFO 105406 --- [           main] o.apache.catalina.core.StandardEngine    : Starting Servlet engine: [Apache Tomcat/10.1.44]
2026-01-28T18:21:03.184-03:00  INFO 105406 --- [           main] o.a.c.c.C.[Tomcat].[localhost].[/]       : Initializing Spring embedded WebApplicationContext
2026-01-28T18:21:03.186-03:00  INFO 105406 --- [           main] w.s.c.ServletWebServerApplicationContext : Root WebApplicationContext: initialization completed in 1526 ms
2026-01-28T18:21:03.369-03:00  INFO 105406 --- [           main] org.Yan.service.SensorConfigService      : Loaded 4 sensors from sensors.json
2026-01-28T18:21:03.901-03:00  INFO 105406 --- [           main] o.s.b.w.embedded.tomcat.TomcatWebServer  : Tomcat started on port 8080 (http) with context path '/'
2026-01-28T18:21:03.924-03:00  INFO 105406 --- [           main] org.Yan.Application                      : Started Application in 3.099 seconds (process running for 3.715)
CLI DO SENSOR ATIVO
Lista de comando 
1 - Obter informações do sensor 
2 - Testar Leitura de Tags 
3 - Configurar Wifi do Sensor 

Erro de conexão!null
java.util.NoSuchElementException
	at java.base/java.util.Scanner.throwFor(Scanner.java:937)
	at java.base/java.util.Scanner.next(Scanner.java:1594)
	at java.base/java.util.Scanner.nextInt(Scanner.java:2258)
	at java.base/java.util.Scanner.nextInt(Scanner.java:2212)
	at org.Yan.Application.lambda$SensorCliRunner$0(Application.java:40)
	at org.springframework.boot.SpringApplication.lambda$callRunner$5(SpringApplication.java:788)
	at org.springframework.util.function.ThrowingConsumer$1.acceptWithException(ThrowingConsumer.java:82)
	at org.springframework.util.function.ThrowingConsumer.accept(ThrowingConsumer.java:60)
	at org.springframework.util.function.ThrowingConsumer$1.accept(ThrowingConsumer.java:86)
	at org.springframework.boot.SpringApplication.callRunner(SpringApplication.java:796)
	at org.springframework.boot.SpringApplication.callRunner(SpringApplication.java:787)
	at org.springframework.boot.SpringApplication.lambda$callRunners$3(SpringApplication.java:772)
	at java.base/java.util.stream.ForEachOps$ForEachOp$OfRef.accept(ForEachOps.java:183)
	at java.base/java.util.stream.SortedOps$SizedRefSortingSink.end(SortedOps.java:357)
	at java.base/java.util.stream.AbstractPipeline.copyInto(AbstractPipeline.java:510)
	at java.base/java.util.stream.AbstractPipeline.wrapAndCopyInto(AbstractPipeline.java:499)
	at java.base/java.util.stream.ForEachOps$ForEachOp.evaluateSequential(ForEachOps.java:150)
	at java.base/java.util.stream.ForEachOps$ForEachOp$OfRef.evaluateSequential(ForEachOps.java:173)
	at java.base/java.util.stream.AbstractPipeline.evaluate(AbstractPipeline.java:234)
	at java.base/java.util.stream.ReferencePipeline.forEach(ReferencePipeline.java:596)
	at org.springframework.boot.SpringApplication.callRunners(SpringApplication.java:772)
	at org.springframework.boot.SpringApplication.run(SpringApplication.java:325)
	at org.springframework.boot.builder.SpringApplicationBuilder.run(SpringApplicationBuilder.java:149)
	at org.Yan.Application.main(Application.java:24)
	at java.base/jdk.internal.reflect.NativeMethodAccessorImpl.invoke0(Native Method)
	at java.base/jdk.internal.reflect.NativeMethodAccessorImpl.invoke(NativeMethodAccessorImpl.java:77)
	at java.base/jdk.internal.reflect.DelegatingMethodAccessorImpl.invoke(DelegatingMethodAccessorImpl.java:43)
	at java.base/java.lang.reflect.Method.invoke(Method.java:569)
	at org.springframework.boot.loader.launch.Launcher.launch(Launcher.java:102)
	at org.springframework.boot.loader.launch.Launcher.launch(Launcher.java:64)
	at org.springframework.boot.loader.launch.JarLauncher.main(JarLauncher.java:40)
2026-01-28T18:22:00.440-03:00  INFO 105406 --- [nio-8080-exec-1] o.a.c.c.C.[Tomcat].[localhost].[/]       : Initializing Spring DispatcherServlet 'dispatcherServlet'
2026-01-28T18:22:00.440-03:00  INFO 105406 --- [nio-8080-exec-1] o.s.web.servlet.DispatcherServlet        : Initializing Servlet 'dispatcherServlet'
2026-01-28T18:22:00.441-03:00  INFO 105406 --- [nio-8080-exec-1] o.s.web.servlet.DispatcherServlet        : Completed initialization in 1 ms
2026-01-28T18:22:00.494-03:00  INFO 105406 --- [nio-8080-exec-1] o.Yan.infra.controller.SensorController  : Buscando tags do sensor 192.168.2.1:8000
[MyTimer] Máximo histórico de tags únicas: 24
[MyTimer] Máximo histórico de tags únicas: 25
2026-01-28T18:22:09.524-03:00  INFO 105406 --- [nio-8080-exec-1] org.Yan.infra.security.RequestFilter     : Usuário de IP 0:0:0:0:0:0:0:1 solicitou GET /sensor/tags/192.168.2.1/8000 às 28/01/2026 18:22:00 e obteve status 200 em 0m 9s (77 ms). reqId=dc3a4687-7795-467d-88c0-ca78ee18de86
2026-01-28T18:22:40.257-03:00  INFO 105406 --- [nio-8080-exec-2] o.Yan.infra.controller.SensorController  : Buscando tags do sensor 192.168.2.1:8000
[MyTimer] Máximo histórico de tags únicas: 22
[MyTimer] Máximo histórico de tags únicas: 25
2026-01-28T18:22:48.604-03:00  INFO 105406 --- [nio-8080-exec-2] org.Yan.infra.security.RequestFilter     : Usuário de IP 0:0:0:0:0:0:0:1 solicitou GET /sensor/tags/192.168.2.1/8000 às 28/01/2026 18:22:40 e obteve status 200 em 0m 8s (348 ms). reqId=0a0cc4c5-2983-480c-9bff-4a37016ee968
